[2020-11-17 01:59:31] local.ERROR: SQLSTATE[HY000] [2002] No such file or directory (SQL: select * from `bdtdc_supllier_inqueries` where `is_RFQ` = 1 and `active` = 1 order by `id` desc limit 15) {"exception":"[object] (Illuminate\\Database\\QueryException(code: 2002): SQLSTATE[HY000] [2002] No such file or directory (SQL: select * from `bdtdc_supllier_inqueries` where `is_RFQ` = 1 and `active` = 1 order by `id` desc limit 15) at /Volumes/Kazi 4T/2020/Mac note/All Folders/BuyerSeller/B&S files/buyerseller-August 25.asia/vendor/laravel/framework/src/Illuminate/Database/Connection.php:664, PDOException(code: 2002): SQLSTATE[HY000] [2002] No such file or directory at /Volumes/Kazi 4T/2020/Mac note/All Folders/BuyerSeller/B&S files/buyerseller-August 25.asia/vendor/laravel/framework/src/Illuminate/Database/Connectors/Connector.php:70)
[stacktrace]
#0 /Volumes/Kazi 4T/2020/Mac note/All Folders/BuyerSeller/B&S files/buyerseller-August 25.asia/vendor/laravel/framework/src/Illuminate/Database/Connection.php(624): Illuminate\\Database\\Connection->runQueryCallback('select * from `...', Array, Object(Closure))
#1 /Volumes/Kazi 4T/2020/Mac note/All Folders/BuyerSeller/B&S files/buyerseller-August 25.asia/vendor/laravel/framework/src/Illuminate/Database/Connection.php(333): Illuminate\\Database\\Connection->run('select * from `...', Array, Object(Closure))
#2 /Volumes/Kazi 4T/2020/Mac note/All Folders/BuyerSeller/B&S files/buyerseller-August 25.asia/vendor/laravel/framework/src/Illuminate/Database/Query/Builder.php(2095): Illuminate\\Database\\Connection->select('select * from `...', Array, true)
#3 /Volumes/Kazi 4T/2020/Mac note/All Folders/BuyerSeller/B&S files/buyerseller-August 25.asia/vendor/laravel/framework/src/Illuminate/Database/Query/Builder.php(2083): Illuminate\\Database\\Query\\Builder->runSelect()
#4 /Volumes/Kazi 4T/2020/Mac note/All Folders/BuyerSeller/B&S files/buyerseller-August 25.asia/vendor/laravel/framework/src/Illuminate/Database/Query/Builder.php(2569): Illuminate\\Database\\Query\\Builder->Illuminate\\Database\\Query\\{closure}()
#5 /Volumes/Kazi 4T/2020/Mac note/All Folders/BuyerSeller/B&S files/buyerseller-August 25.asia/vendor/laravel/framework/src/Illuminate/Database/Query/Builder.php(2084): Illuminate\\Database\\Query\\Builder->onceWithColumns(Array, Object(Closure))
#6 /Volumes/Kazi 4T/2020/Mac note/All Folders/BuyerSeller/B&S files/buyerseller-August 25.asia/vendor/laravel/framework/src/Illuminate/Database/Eloquent/Builder.php(519): Illuminate\\Database\\Query\\Builder->get(Array)
#7 /Volumes/Kazi 4T/2020/Mac note/All Folders/BuyerSeller/B&S files/buyerseller-August 25.asia/vendor/laravel/framework/src/Illuminate/Database/Eloquent/Builder.php(503): Illuminate\\Database\\Eloquent\\Builder->getModels(Array)
#8 /Volumes/Kazi 4T/2020/Mac note/All Folders/BuyerSeller/B&S files/buyerseller-August 25.asia/app/Http/Controllers/Front/HomeController.php(51): Illuminate\\Database\\Eloquent\\Builder->get()
#9 [internal function]: App\\Http\\Controllers\\Front\\HomeController->getHome()
#10 /Volumes/Kazi 4T/2020/Mac note/All Folders/BuyerSeller/B&S files/buyerseller-August 25.asia/vendor/laravel/framework/src/Illuminate/Routing/Controller.php(54): call_user_func_array(Array, Array)
#11 /Volumes/Kazi 4T/2020/Mac note/All Folders/BuyerSeller/B&S files/buyerseller-August 25.asia/vendor/laravel/framework/src/Illuminate/Routing/ControllerDispatcher.php(45): Illuminate\\Routing\\Controller->callAction('getHome', Array)
#12 /Volumes/Kazi 4T/2020/Mac note/All Folders/BuyerSeller/B&S files/buyerseller-August 25.asia/vendor/laravel/framework/src/Illuminate/Routing/Route.php(219): Illuminate\\Routing\\ControllerDispatcher->dispatch(Object(Illuminate\\Routing\\Route), Object(App\\Http\\Controllers\\Front\\HomeController), 'getHome')
#13 /Volumes/Kazi 4T/2020/Mac note/All Folders/BuyerSeller/B&S files/buyerseller-August 25.asia/vendor/laravel/framework/src/Illuminate/Routing/Route.php(176): Illuminate\\Routing\\Route->runController()
#14 /Volumes/Kazi 4T/2020/Mac note/All Folders/BuyerSeller/B&S files/buyerseller-August 25.asia/vendor/laravel/framework/src/Illuminate/Routing/Router.php(682): Illuminate\\Routing\\Route->run()
#15 /Volumes/Kazi 4T/2020/Mac note/All Folders/BuyerSeller/B&S files/buyerseller-August 25.asia/vendor/laravel/framework/src/Illuminate/Routing/Pipeline.php(30): Illuminate\\Routing\\Router->Illuminate\\Routing\\{closure}(Object(Illuminate\\Http\\Request))
#16 /Volumes/Kazi 4T/2020/Mac note/All Folders/BuyerSeller/B&S files/buyerseller-August 25.asia/vendor/laravel/framework/src/Illuminate/Routing/Middleware/SubstituteBindings.php(41): Illuminate\\Routing\\Pipeline->Illuminate\\Routing\\{closure}(Object(Illuminate\\Http\\Request))
#17 /Volumes/Kazi 4T/2020/Mac note/All Folders/BuyerSeller/B&S files/buyerseller-August 25.asia/vendor/laravel/framework/src/Illuminate/Pipeline/Pipeline.php(163): Illuminate\\Routing\\Middleware\\SubstituteBindings->handle(Object(Illuminate\\Http\\Request), Object(Closure))
#18 /Volumes/Kazi 4T/2020/Mac note/All Folders/BuyerSeller/B&S files/buyerseller-August 25.asia/vendor/laravel/framework/src/Illuminate/Routing/Pipeline.php(53): Illuminate\\Pipeline\\Pipeline->Illuminate\\Pipeline\\{closure}(Object(Illuminate\\Http\\Request))
#19 /Volumes/Kazi 4T/2020/Mac note/All Folders/BuyerSeller/B&S files/buyerseller-August 25.asia/vendor/laravel/framework/src/Illuminate/Foundation/Http/Middleware/VerifyCsrfToken.php(75): Illuminate\\Routing\\Pipeline->Illuminate\\Routing\\{closure}(Object(Illuminate\\Http\\Request))
#20 /Volumes/Kazi 4T/2020/Mac note/All Folders/BuyerSeller/B&S files/buyerseller-August 25.asia/vendor/laravel/framework/src/Illuminate/Pipeline/Pipeline.php(163): Illuminate\\Foundation\\Http\\Middleware\\VerifyCsrfToken->handle(Object(Illuminate\\Http\\Request), Object(Closure))
#21 /Volumes/Kazi 4T/2020/Mac note/All Folders/BuyerSeller/B&S files/buyerseller-August 25.asia/vendor/laravel/framework/src/Illuminate/Routing/Pipeline.php(53): Illuminate\\Pipeline\\Pipeline->Illuminate\\Pipeline\\{closure}(Object(Illuminate\\Http\\Request))
#22 /Volumes/Kazi 4T/2020/Mac note/All Folders/BuyerSeller/B&S files/buyerseller-August 25.asia/vendor/laravel/framework/src/Illuminate/Session/Middleware/AuthenticateSession.php(39): Illuminate\\Routing\\Pipeline->Illuminate\\Routing\\{closure}(Object(Illuminate\\Http\\Request))
#23 /Volumes/Kazi 4T/2020/Mac note/All Folders/BuyerSeller/B&S files/buyerseller-August 25.asia/vendor/laravel/framework/src/Illuminate/Pipeline/Pipeline.php(163): Illuminate\\Session\\Middleware\\AuthenticateSession->handle(Object(Illuminate\\Http\\Request), Object(Closure))
#24 /Volumes/Kazi 4T/2020/Mac note/All Folders/BuyerSeller/B&S files/buyerseller-August 25.asia/vendor/laravel/framework/src/Illuminate/Routing/Pipeline.php(53): Illuminate\\Pipeline\\Pipeline->Illuminate\\Pipeline\\{closure}(Object(Illuminate\\Http\\Request))
#25 /Volumes/Kazi 4T/2020/Mac note/All Folders/BuyerSeller/B&S files/buyerseller-August 25.asia/vendor/laravel/framework/src/Illuminate/View/Middleware/ShareErrorsFromSession.php(49): Illuminate\\Routing\\Pipeline->Illuminate\\Routing\\{closure}(Object(Illuminate\\Http\\Request))
#26 /Volumes/Kazi 4T/2020/Mac note/All Folders/BuyerSeller/B&S files/buyerseller-August 25.asia/vendor/laravel/framework/src/Illuminate/Pipeline/Pipeline.php(163): Illuminate\\View\\Middleware\\ShareErrorsFromSession->handle(Object(Illuminate\\Http\\Request), Object(Closure))
#27 /Volumes/Kazi 4T/2020/Mac note/All Folders/BuyerSeller/B&S files/buyerseller-August 25.asia/vendor/laravel/framework/src/Illuminate/Routing/Pipeline.php(53): Illuminate\\Pipeline\\Pipeline->Illuminate\\Pipeline\\{closure}(Object(Illuminate\\Http\\Request))
#28 /Volumes/Kazi 4T/2020/Mac note/All Folders/BuyerSeller/B&S files/buyerseller-August 25.asia/vendor/laravel/framework/src/Illuminate/Session/Middleware/StartSession.php(63): Illuminate\\Routing\\Pipeline->Illuminate\\Routing\\{closure}(Object(Illuminate\\Http\\Request))
#29 /Volumes/Kazi 4T/2020/Mac note/All Folders/BuyerSeller/B&S files/buyerseller-August 25.asia/vendor/laravel/framework/src/Illuminate/Pipeline/Pipeline.php(163): Illuminate\\Session\\Middleware\\StartSession->handle(Object(Illuminate\\Http\\Request), Object(Closure))
#30 /Volumes/Kazi 4T/2020/Mac note/All Folders/BuyerSeller/B&S files/buyerseller-August 25.asia/vendor/laravel/framework/src/Illuminate/Routing/Pipeline.php(53): Illuminate\\Pipeline\\Pipeline->Illuminate\\Pipeline\\{closure}(Object(Illuminate\\Http\\Request))
#31 /Volumes/Kazi 4T/2020/Mac note/All Folders/BuyerSeller/B&S files/buyerseller-August 25.asia/vendor/laravel/framework/src/Illuminate/Cookie/Middleware/AddQueuedCookiesToResponse.php(37): Illuminate\\Routing\\Pipeline->Illuminate\\Routing\\{closure}(Object(Illuminate\\Http\\Request))
#32 /Volumes/Kazi 4T/2020/Mac note/All Folders/BuyerSeller/B&S files/buyerseller-August 25.asia/vendor/laravel/framework/src/Illuminate/Pipeline/Pipeline.php(163): Illuminate\\Cookie\\Middleware\\AddQueuedCookiesToResponse->handle(Object(Illuminate\\Http\\Request), Object(Closure))
#33 /Volumes/Kazi 4T/2020/Mac note/All Folders/BuyerSeller/B&S files/buyerseller-August 25.asia/vendor/laravel/framework/src/Illuminate/Routing/Pipeline.php(53): Illuminate\\Pipeline\\Pipeline->Illuminate\\Pipeline\\{closure}(Object(Illuminate\\Http\\Request))
#34 /Volumes/Kazi 4T/2020/Mac note/All Folders/BuyerSeller/B&S files/buyerseller-August 25.asia/vendor/laravel/framework/src/Illuminate/Cookie/Middleware/EncryptCookies.php(66): Illuminate\\Routing\\Pipeline->Illuminate\\Routing\\{closure}(Object(Illuminate\\Http\\Request))
#35 /Volumes/Kazi 4T/2020/Mac note/All Folders/BuyerSeller/B&S files/buyerseller-August 25.asia/vendor/laravel/framework/src/Illuminate/Pipeline/Pipeline.php(163): Illuminate\\Cookie\\Middleware\\EncryptCookies->handle(Object(Illuminate\\Http\\Request), Object(Closure))
#36 /Volumes/Kazi 4T/2020/Mac note/All Folders/BuyerSeller/B&S files/buyerseller-August 25.asia/vendor/laravel/framework/src/Illuminate/Routing/Pipeline.php(53): Illuminate\\Pipeline\\Pipeline->Illuminate\\Pipeline\\{closure}(Object(Illuminate\\Http\\Request))
#37 /Volumes/Kazi 4T/2020/Mac note/All Folders/BuyerSeller/B&S files/buyerseller-August 25.asia/vendor/laravel/framework/src/Illuminate/Pipeline/Pipeline.php(104): Illuminate\\Routing\\Pipeline->Illuminate\\Routing\\{closure}(Object(Illuminate\\Http\\Request))
#38 /Volumes/Kazi 4T/2020/Mac note/All Folders/BuyerSeller/B&S files/buyerseller-August 25.asia/vendor/laravel/framework/src/Illuminate/Routing/Router.php(684): Illuminate\\Pipeline\\Pipeline->then(Object(Closure))
#39 /Volumes/Kazi 4T/2020/Mac note/All Folders/BuyerSeller/B&S files/buyerseller-August 25.asia/vendor/laravel/framework/src/Illuminate/Routing/Router.php(659): Illuminate\\Routing\\Router->runRouteWithinStack(Object(Illuminate\\Routing\\Route), Object(Illuminate\\Http\\Request))
#40 /Volumes/Kazi 4T/2020/Mac note/All Folders/BuyerSeller/B&S files/buyerseller-August 25.asia/vendor/laravel/framework/src/Illuminate/Routing/Router.php(625): Illuminate\\Routing\\Router->runRoute(Object(Illuminate\\Http\\Request), Object(Illuminate\\Routing\\Route))
#41 /Volumes/Kazi 4T/2020/Mac note/All Folders/BuyerSeller/B&S files/buyerseller-August 25.asia/vendor/laravel/framework/src/Illuminate/Routing/Router.php(614): Illuminate\\Routing\\Router->dispatchToRoute(Object(Illuminate\\Http\\Request))
#42 /Volumes/Kazi 4T/2020/Mac note/All Folders/BuyerSeller/B&S files/buyerseller-August 25.asia/vendor/laravel/framework/src/Illuminate/Foundation/Http/Kernel.php(176): Illuminate\\Routing\\Router->dispatch(Object(Illuminate\\Http\\Request))
#43 /Volumes/Kazi 4T/2020/Mac note/All Folders/BuyerSeller/B&S files/buyerseller-August 25.asia/vendor/laravel/framework/src/Illuminate/Routing/Pipeline.php(30): Illuminate\\Foundation\\Http\\Kernel->Illuminate\\Foundation\\Http\\{closure}(Object(Illuminate\\Http\\Request))
#44 /Volumes/Kazi 4T/2020/Mac note/All Folders/BuyerSeller/B&S files/buyerseller-August 25.asia/vendor/barryvdh/laravel-debugbar/src/Middleware/InjectDebugbar.php(65): Illuminate\\Routing\\Pipeline->Illuminate\\Routing\\{closure}(Object(Illuminate\\Http\\Request))
#45 /Volumes/Kazi 4T/2020/Mac note/All Folders/BuyerSeller/B&S files/buyerseller-August 25.asia/vendor/laravel/framework/src/Illuminate/Pipeline/Pipeline.php(163): Barryvdh\\Debugbar\\Middleware\\InjectDebugbar->handle(Object(Illuminate\\Http\\Request), Object(Closure))
#46 /Volumes/Kazi 4T/2020/Mac note/All Folders/BuyerSeller/B&S files/buyerseller-August 25.asia/vendor/laravel/framework/src/Illuminate/Routing/Pipeline.php(53): Illuminate\\Pipeline\\Pipeline->Illuminate\\Pipeline\\{closure}(Object(Illuminate\\Http\\Request))
#47 /Volumes/Kazi 4T/2020/Mac note/All Folders/BuyerSeller/B&S files/buyerseller-August 25.asia/vendor/fideloper/proxy/src/TrustProxies.php(57): Illuminate\\Routing\\Pipeline->Illuminate\\Routing\\{closure}(Object(Illuminate\\Http\\Request))
#48 /Volumes/Kazi 4T/2020/Mac note/All Folders/BuyerSeller/B&S files/buyerseller-August 25.asia/vendor/laravel/framework/src/Illuminate/Pipeline/Pipeline.php(163): Fideloper\\Proxy\\TrustProxies->handle(Object(Illuminate\\Http\\Request), Object(Closure))
#49 /Volumes/Kazi 4T/2020/Mac note/All Folders/BuyerSeller/B&S files/buyerseller-August 25.asia/vendor/laravel/framework/src/Illuminate/Routing/Pipeline.php(53): Illuminate\\Pipeline\\Pipeline->Illuminate\\Pipeline\\{closure}(Object(Illuminate\\Http\\Request))
#50 /Volumes/Kazi 4T/2020/Mac note/All Folders/BuyerSeller/B&S files/buyerseller-August 25.asia/vendor/laravel/framework/src/Illuminate/Foundation/Http/Middleware/TransformsRequest.php(31): Illuminate\\Routing\\Pipeline->Illuminate\\Routing\\{closure}(Object(Illuminate\\Http\\Request))
#51 /Volumes/Kazi 4T/2020/Mac note/All Folders/BuyerSeller/B&S files/buyerseller-August 25.asia/vendor/laravel/framework/src/Illuminate/Pipeline/Pipeline.php(163): Illuminate\\Foundation\\Http\\Middleware\\TransformsRequest->handle(Object(Illuminate\\Http\\Request), Object(Closure))
#52 /Volumes/Kazi 4T/2020/Mac note/All Folders/BuyerSeller/B&S files/buyerseller-August 25.asia/vendor/laravel/framework/src/Illuminate/Routing/Pipeline.php(53): Illuminate\\Pipeline\\Pipeline->Illuminate\\Pipeline\\{closure}(Object(Illuminate\\Http\\Request))
#53 /Volumes/Kazi 4T/2020/Mac note/All Folders/BuyerSeller/B&S files/buyerseller-August 25.asia/vendor/laravel/framework/src/Illuminate/Foundation/Http/Middleware/TransformsRequest.php(31): Illuminate\\Routing\\Pipeline->Illuminate\\Routing\\{closure}(Object(Illuminate\\Http\\Request))
#54 /Volumes/Kazi 4T/2020/Mac note/All Folders/BuyerSeller/B&S files/buyerseller-August 25.asia/vendor/laravel/framework/src/Illuminate/Pipeline/Pipeline.php(163): Illuminate\\Foundation\\Http\\Middleware\\TransformsRequest->handle(Object(Illuminate\\Http\\Request), Object(Closure))
#55 /Volumes/Kazi 4T/2020/Mac note/All Folders/BuyerSeller/B&S files/buyerseller-August 25.asia/vendor/laravel/framework/src/Illuminate/Routing/Pipeline.php(53): Illuminate\\Pipeline\\Pipeline->Illuminate\\Pipeline\\{closure}(Object(Illuminate\\Http\\Request))
#56 /Volumes/Kazi 4T/2020/Mac note/All Folders/BuyerSeller/B&S files/buyerseller-August 25.asia/vendor/laravel/framework/src/Illuminate/Foundation/Http/Middleware/ValidatePostSize.php(27): Illuminate\\Routing\\Pipeline->Illuminate\\Routing\\{closure}(Object(Illuminate\\Http\\Request))
#57 /Volumes/Kazi 4T/2020/Mac note/All Folders/BuyerSeller/B&S files/buyerseller-August 25.asia/vendor/laravel/framework/src/Illuminate/Pipeline/Pipeline.php(163): Illuminate\\Foundation\\Http\\Middleware\\ValidatePostSize->handle(Object(Illuminate\\Http\\Request), Object(Closure))
#58 /Volumes/Kazi 4T/2020/Mac note/All Folders/BuyerSeller/B&S files/buyerseller-August 25.asia/vendor/laravel/framework/src/Illuminate/Routing/Pipeline.php(53): Illuminate\\Pipeline\\Pipeline->Illuminate\\Pipeline\\{closure}(Object(Illuminate\\Http\\Request))
#59 /Volumes/Kazi 4T/2020/Mac note/All Folders/BuyerSeller/B&S files/buyerseller-August 25.asia/vendor/laravel/framework/src/Illuminate/Foundation/Http/Middleware/CheckForMaintenanceMode.php(62): Illuminate\\Routing\\Pipeline->Illuminate\\Routing\\{closure}(Object(Illuminate\\Http\\Request))
#60 /Volumes/Kazi 4T/2020/Mac note/All Folders/BuyerSeller/B&S files/buyerseller-August 25.asia/vendor/laravel/framework/src/Illuminate/Pipeline/Pipeline.php(163): Illuminate\\Foundation\\Http\\Middleware\\CheckForMaintenanceMode->handle(Object(Illuminate\\Http\\Request), Object(Closure))
#61 /Volumes/Kazi 4T/2020/Mac note/All Folders/BuyerSeller/B&S files/buyerseller-August 25.asia/vendor/laravel/framework/src/Illuminate/Routing/Pipeline.php(53): Illuminate\\Pipeline\\Pipeline->Illuminate\\Pipeline\\{closure}(Object(Illuminate\\Http\\Request))
#62 /Volumes/Kazi 4T/2020/Mac note/All Folders/BuyerSeller/B&S files/buyerseller-August 25.asia/vendor/laravel/framework/src/Illuminate/Pipeline/Pipeline.php(104): Illuminate\\Routing\\Pipeline->Illuminate\\Routing\\{closure}(Object(Illuminate\\Http\\Request))
#63 /Volumes/Kazi 4T/2020/Mac note/All Folders/BuyerSeller/B&S files/buyerseller-August 25.asia/vendor/laravel/framework/src/Illuminate/Foundation/Http/Kernel.php(151): Illuminate\\Pipeline\\Pipeline->then(Object(Closure))
#64 /Volumes/Kazi 4T/2020/Mac note/All Folders/BuyerSeller/B&S files/buyerseller-August 25.asia/vendor/laravel/framework/src/Illuminate/Foundation/Http/Kernel.php(116): Illuminate\\Foundation\\Http\\Kernel->sendRequestThroughRouter(Object(Illuminate\\Http\\Request))
#65 /Volumes/Kazi 4T/2020/Mac note/All Folders/BuyerSeller/B&S files/buyerseller-August 25.asia/public/index.php(55): Illuminate\\Foundation\\Http\\Kernel->handle(Object(Illuminate\\Http\\Request))
#66 /Volumes/Kazi 4T/2020/Mac note/All Folders/BuyerSeller/B&S files/buyerseller-August 25.asia/server.php(21): require_once('/Volumes/Kazi 4...')
#67 {main}
"} 
[2020-11-17 01:59:32] local.ERROR: file_put_contents(C:\xampp\htdocs\buyerseller.asia\storage\framework/sessions/sjHAtOsp5STdTKZoZVqH7hXa4JuV6wcFWQhRaZuW): failed to open stream: No such file or directory {"exception":"[object] (ErrorException(code: 0): file_put_contents(C:\\xampp\\htdocs\\buyerseller.asia\\storage\\framework/sessions/sjHAtOsp5STdTKZoZVqH7hXa4JuV6wcFWQhRaZuW): failed to open stream: No such file or directory at /Volumes/Kazi 4T/2020/Mac note/All Folders/BuyerSeller/B&S files/buyerseller-August 25.asia/vendor/laravel/framework/src/Illuminate/Filesystem/Filesystem.php:122)
[stacktrace]
#0 [internal function]: Illuminate\\Foundation\\Bootstrap\\HandleExceptions->handleError(2, 'file_put_conten...', '/Volumes/Kazi 4...', 122, Array)
#1 /Volumes/Kazi 4T/2020/Mac note/All Folders/BuyerSeller/B&S files/buyerseller-August 25.asia/vendor/laravel/framework/src/Illuminate/Filesystem/Filesystem.php(122): file_put_contents('C:\\\\xampp\\\\htdocs...', 'a:4:{s:6:\"_toke...', 2)
#2 /Volumes/Kazi 4T/2020/Mac note/All Folders/BuyerSeller/B&S files/buyerseller-August 25.asia/vendor/laravel/framework/src/Illuminate/Session/FileSessionHandler.php(83): Illuminate\\Filesystem\\Filesystem->put('C:\\\\xampp\\\\htdocs...', 'a:4:{s:6:\"_toke...', true)
#3 /Volumes/Kazi 4T/2020/Mac note/All Folders/BuyerSeller/B&S files/buyerseller-August 25.asia/vendor/laravel/framework/src/Illuminate/Session/Store.php(129): Illuminate\\Session\\FileSessionHandler->write('sjHAtOsp5STdTKZ...', 'a:4:{s:6:\"_toke...')
#4 /Volumes/Kazi 4T/2020/Mac note/All Folders/BuyerSeller/B&S files/buyerseller-August 25.asia/vendor/laravel/framework/src/Illuminate/Session/Middleware/StartSession.php(87): Illuminate\\Session\\Store->save()
#5 /Volumes/Kazi 4T/2020/Mac note/All Folders/BuyerSeller/B&S files/buyerseller-August 25.asia/vendor/laravel/framework/src/Illuminate/Foundation/Http/Kernel.php(218): Illuminate\\Session\\Middleware\\StartSession->terminate(Object(Illuminate\\Http\\Request), Object(Illuminate\\Http\\Response))
#6 /Volumes/Kazi 4T/2020/Mac note/All Folders/BuyerSeller/B&S files/buyerseller-August 25.asia/vendor/laravel/framework/src/Illuminate/Foundation/Http/Kernel.php(189): Illuminate\\Foundation\\Http\\Kernel->terminateMiddleware(Object(Illuminate\\Http\\Request), Object(Illuminate\\Http\\Response))
#7 /Volumes/Kazi 4T/2020/Mac note/All Folders/BuyerSeller/B&S files/buyerseller-August 25.asia/public/index.php(60): Illuminate\\Foundation\\Http\\Kernel->terminate(Object(Illuminate\\Http\\Request), Object(Illuminate\\Http\\Response))
#8 /Volumes/Kazi 4T/2020/Mac note/All Folders/BuyerSeller/B&S files/buyerseller-August 25.asia/server.php(21): require_once('/Volumes/Kazi 4...')
#9 {main}
"} 
[2020-11-17 02:57:15] local.ERROR: SQLSTATE[HY000] [2002] No such file or directory (SQL: select * from `bdtdc_supllier_inqueries` where `is_RFQ` = 1 and `active` = 1 order by `id` desc limit 15) {"exception":"[object] (Illuminate\\Database\\QueryException(code: 2002): SQLSTATE[HY000] [2002] No such file or directory (SQL: select * from `bdtdc_supllier_inqueries` where `is_RFQ` = 1 and `active` = 1 order by `id` desc limit 15) at /Volumes/Kazi 4T/2020/Mac note/All Folders/BuyerSeller/B&S files/buyerseller-August 25.asia/vendor/laravel/framework/src/Illuminate/Database/Connection.php:664, PDOException(code: 2002): SQLSTATE[HY000] [2002] No such file or directory at /Volumes/Kazi 4T/2020/Mac note/All Folders/BuyerSeller/B&S files/buyerseller-August 25.asia/vendor/laravel/framework/src/Illuminate/Database/Connectors/Connector.php:70)
[stacktrace]
#0 /Volumes/Kazi 4T/2020/Mac note/All Folders/BuyerSeller/B&S files/buyerseller-August 25.asia/vendor/laravel/framework/src/Illuminate/Database/Connection.php(624): Illuminate\\Database\\Connection->runQueryCallback('select * from `...', Array, Object(Closure))
#1 /Volumes/Kazi 4T/2020/Mac note/All Folders/BuyerSeller/B&S files/buyerseller-August 25.asia/vendor/laravel/framework/src/Illuminate/Database/Connection.php(333): Illuminate\\Database\\Connection->run('select * from `...', Array, Object(Closure))
#2 /Volumes/Kazi 4T/2020/Mac note/All Folders/BuyerSeller/B&S files/buyerseller-August 25.asia/vendor/laravel/framework/src/Illuminate/Database/Query/Builder.php(2095): Illuminate\\Database\\Connection->select('select * from `...', Array, true)
#3 /Volumes/Kazi 4T/2020/Mac note/All Folders/BuyerSeller/B&S files/buyerseller-August 25.asia/vendor/laravel/framework/src/Illuminate/Database/Query/Builder.php(2083): Illuminate\\Database\\Query\\Builder->runSelect()
#4 /Volumes/Kazi 4T/2020/Mac note/All Folders/BuyerSeller/B&S files/buyerseller-August 25.asia/vendor/laravel/framework/src/Illuminate/Database/Query/Builder.php(2569): Illuminate\\Database\\Query\\Builder->Illuminate\\Database\\Query\\{closure}()
#5 /Volumes/Kazi 4T/2020/Mac note/All Folders/BuyerSeller/B&S files/buyerseller-August 25.asia/vendor/laravel/framework/src/Illuminate/Database/Query/Builder.php(2084): Illuminate\\Database\\Query\\Builder->onceWithColumns(Array, Object(Closure))
#6 /Volumes/Kazi 4T/2020/Mac note/All Folders/BuyerSeller/B&S files/buyerseller-August 25.asia/vendor/laravel/framework/src/Illuminate/Database/Eloquent/Builder.php(519): Illuminate\\Database\\Query\\Builder->get(Array)
#7 /Volumes/Kazi 4T/2020/Mac note/All Folders/BuyerSeller/B&S files/buyerseller-August 25.asia/vendor/laravel/framework/src/Illuminate/Database/Eloquent/Builder.php(503): Illuminate\\Database\\Eloquent\\Builder->getModels(Array)
#8 /Volumes/Kazi 4T/2020/Mac note/All Folders/BuyerSeller/B&S files/buyerseller-August 25.asia/app/Http/Controllers/Front/HomeController.php(51): Illuminate\\Database\\Eloquent\\Builder->get()
#9 [internal function]: App\\Http\\Controllers\\Front\\HomeController->getHome()
#10 /Volumes/Kazi 4T/2020/Mac note/All Folders/BuyerSeller/B&S files/buyerseller-August 25.asia/vendor/laravel/framework/src/Illuminate/Routing/Controller.php(54): call_user_func_array(Array, Array)
#11 /Volumes/Kazi 4T/2020/Mac note/All Folders/BuyerSeller/B&S files/buyerseller-August 25.asia/vendor/laravel/framework/src/Illuminate/Routing/ControllerDispatcher.php(45): Illuminate\\Routing\\Controller->callAction('getHome', Array)
#12 /Volumes/Kazi 4T/2020/Mac note/All Folders/BuyerSeller/B&S files/buyerseller-August 25.asia/vendor/laravel/framework/src/Illuminate/Routing/Route.php(219): Illuminate\\Routing\\ControllerDispatcher->dispatch(Object(Illuminate\\Routing\\Route), Object(App\\Http\\Controllers\\Front\\HomeController), 'getHome')
#13 /Volumes/Kazi 4T/2020/Mac note/All Folders/BuyerSeller/B&S files/buyerseller-August 25.asia/vendor/laravel/framework/src/Illuminate/Routing/Route.php(176): Illuminate\\Routing\\Route->runController()
#14 /Volumes/Kazi 4T/2020/Mac note/All Folders/BuyerSeller/B&S files/buyerseller-August 25.asia/vendor/laravel/framework/src/Illuminate/Routing/Router.php(682): Illuminate\\Routing\\Route->run()
#15 /Volumes/Kazi 4T/2020/Mac note/All Folders/BuyerSeller/B&S files/buyerseller-August 25.asia/vendor/laravel/framework/src/Illuminate/Routing/Pipeline.php(30): Illuminate\\Routing\\Router->Illuminate\\Routing\\{closure}(Object(Illuminate\\Http\\Request))
#16 /Volumes/Kazi 4T/2020/Mac note/All Folders/BuyerSeller/B&S files/buyerseller-August 25.asia/vendor/laravel/framework/src/Illuminate/Routing/Middleware/SubstituteBindings.php(41): Illuminate\\Routing\\Pipeline->Illuminate\\Routing\\{closure}(Object(Illuminate\\Http\\Request))
#17 /Volumes/Kazi 4T/2020/Mac note/All Folders/BuyerSeller/B&S files/buyerseller-August 25.asia/vendor/laravel/framework/src/Illuminate/Pipeline/Pipeline.php(163): Illuminate\\Routing\\Middleware\\SubstituteBindings->handle(Object(Illuminate\\Http\\Request), Object(Closure))
#18 /Volumes/Kazi 4T/2020/Mac note/All Folders/BuyerSeller/B&S files/buyerseller-August 25.asia/vendor/laravel/framework/src/Illuminate/Routing/Pipeline.php(53): Illuminate\\Pipeline\\Pipeline->Illuminate\\Pipeline\\{closure}(Object(Illuminate\\Http\\Request))
#19 /Volumes/Kazi 4T/2020/Mac note/All Folders/BuyerSeller/B&S files/buyerseller-August 25.asia/vendor/laravel/framework/src/Illuminate/Foundation/Http/Middleware/VerifyCsrfToken.php(75): Illuminate\\Routing\\Pipeline->Illuminate\\Routing\\{closure}(Object(Illuminate\\Http\\Request))
#20 /Volumes/Kazi 4T/2020/Mac note/All Folders/BuyerSeller/B&S files/buyerseller-August 25.asia/vendor/laravel/framework/src/Illuminate/Pipeline/Pipeline.php(163): Illuminate\\Foundation\\Http\\Middleware\\VerifyCsrfToken->handle(Object(Illuminate\\Http\\Request), Object(Closure))
#21 /Volumes/Kazi 4T/2020/Mac note/All Folders/BuyerSeller/B&S files/buyerseller-August 25.asia/vendor/laravel/framework/src/Illuminate/Routing/Pipeline.php(53): Illuminate\\Pipeline\\Pipeline->Illuminate\\Pipeline\\{closure}(Object(Illuminate\\Http\\Request))
#22 /Volumes/Kazi 4T/2020/Mac note/All Folders/BuyerSeller/B&S files/buyerseller-August 25.asia/vendor/laravel/framework/src/Illuminate/Session/Middleware/AuthenticateSession.php(39): Illuminate\\Routing\\Pipeline->Illuminate\\Routing\\{closure}(Object(Illuminate\\Http\\Request))
#23 /Volumes/Kazi 4T/2020/Mac note/All Folders/BuyerSeller/B&S files/buyerseller-August 25.asia/vendor/laravel/framework/src/Illuminate/Pipeline/Pipeline.php(163): Illuminate\\Session\\Middleware\\AuthenticateSession->handle(Object(Illuminate\\Http\\Request), Object(Closure))
#24 /Volumes/Kazi 4T/2020/Mac note/All Folders/BuyerSeller/B&S files/buyerseller-August 25.asia/vendor/laravel/framework/src/Illuminate/Routing/Pipeline.php(53): Illuminate\\Pipeline\\Pipeline->Illuminate\\Pipeline\\{closure}(Object(Illuminate\\Http\\Request))
#25 /Volumes/Kazi 4T/2020/Mac note/All Folders/BuyerSeller/B&S files/buyerseller-August 25.asia/vendor/laravel/framework/src/Illuminate/View/Middleware/ShareErrorsFromSession.php(49): Illuminate\\Routing\\Pipeline->Illuminate\\Routing\\{closure}(Object(Illuminate\\Http\\Request))
#26 /Volumes/Kazi 4T/2020/Mac note/All Folders/BuyerSeller/B&S files/buyerseller-August 25.asia/vendor/laravel/framework/src/Illuminate/Pipeline/Pipeline.php(163): Illuminate\\View\\Middleware\\ShareErrorsFromSession->handle(Object(Illuminate\\Http\\Request), Object(Closure))
#27 /Volumes/Kazi 4T/2020/Mac note/All Folders/BuyerSeller/B&S files/buyerseller-August 25.asia/vendor/laravel/framework/src/Illuminate/Routing/Pipeline.php(53): Illuminate\\Pipeline\\Pipeline->Illuminate\\Pipeline\\{closure}(Object(Illuminate\\Http\\Request))
#28 /Volumes/Kazi 4T/2020/Mac note/All Folders/BuyerSeller/B&S files/buyerseller-August 25.asia/vendor/laravel/framework/src/Illuminate/Session/Middleware/StartSession.php(63): Illuminate\\Routing\\Pipeline->Illuminate\\Routing\\{closure}(Object(Illuminate\\Http\\Request))
#29 /Volumes/Kazi 4T/2020/Mac note/All Folders/BuyerSeller/B&S files/buyerseller-August 25.asia/vendor/laravel/framework/src/Illuminate/Pipeline/Pipeline.php(163): Illuminate\\Session\\Middleware\\StartSession->handle(Object(Illuminate\\Http\\Request), Object(Closure))
#30 /Volumes/Kazi 4T/2020/Mac note/All Folders/BuyerSeller/B&S files/buyerseller-August 25.asia/vendor/laravel/framework/src/Illuminate/Routing/Pipeline.php(53): Illuminate\\Pipeline\\Pipeline->Illuminate\\Pipeline\\{closure}(Object(Illuminate\\Http\\Request))
#31 /Volumes/Kazi 4T/2020/Mac note/All Folders/BuyerSeller/B&S files/buyerseller-August 25.asia/vendor/laravel/framework/src/Illuminate/Cookie/Middleware/AddQueuedCookiesToResponse.php(37): Illuminate\\Routing\\Pipeline->Illuminate\\Routing\\{closure}(Object(Illuminate\\Http\\Request))
#32 /Volumes/Kazi 4T/2020/Mac note/All Folders/BuyerSeller/B&S files/buyerseller-August 25.asia/vendor/laravel/framework/src/Illuminate/Pipeline/Pipeline.php(163): Illuminate\\Cookie\\Middleware\\AddQueuedCookiesToResponse->handle(Object(Illuminate\\Http\\Request), Object(Closure))
#33 /Volumes/Kazi 4T/2020/Mac note/All Folders/BuyerSeller/B&S files/buyerseller-August 25.asia/vendor/laravel/framework/src/Illuminate/Routing/Pipeline.php(53): Illuminate\\Pipeline\\Pipeline->Illuminate\\Pipeline\\{closure}(Object(Illuminate\\Http\\Request))
#34 /Volumes/Kazi 4T/2020/Mac note/All Folders/BuyerSeller/B&S files/buyerseller-August 25.asia/vendor/laravel/framework/src/Illuminate/Cookie/Middleware/EncryptCookies.php(66): Illuminate\\Routing\\Pipeline->Illuminate\\Routing\\{closure}(Object(Illuminate\\Http\\Request))
#35 /Volumes/Kazi 4T/2020/Mac note/All Folders/BuyerSeller/B&S files/buyerseller-August 25.asia/vendor/laravel/framework/src/Illuminate/Pipeline/Pipeline.php(163): Illuminate\\Cookie\\Middleware\\EncryptCookies->handle(Object(Illuminate\\Http\\Request), Object(Closure))
#36 /Volumes/Kazi 4T/2020/Mac note/All Folders/BuyerSeller/B&S files/buyerseller-August 25.asia/vendor/laravel/framework/src/Illuminate/Routing/Pipeline.php(53): Illuminate\\Pipeline\\Pipeline->Illuminate\\Pipeline\\{closure}(Object(Illuminate\\Http\\Request))
#37 /Volumes/Kazi 4T/2020/Mac note/All Folders/BuyerSeller/B&S files/buyerseller-August 25.asia/vendor/laravel/framework/src/Illuminate/Pipeline/Pipeline.php(104): Illuminate\\Routing\\Pipeline->Illuminate\\Routing\\{closure}(Object(Illuminate\\Http\\Request))
#38 /Volumes/Kazi 4T/2020/Mac note/All Folders/BuyerSeller/B&S files/buyerseller-August 25.asia/vendor/laravel/framework/src/Illuminate/Routing/Router.php(684): Illuminate\\Pipeline\\Pipeline->then(Object(Closure))
#39 /Volumes/Kazi 4T/2020/Mac note/All Folders/BuyerSeller/B&S files/buyerseller-August 25.asia/vendor/laravel/framework/src/Illuminate/Routing/Router.php(659): Illuminate\\Routing\\Router->runRouteWithinStack(Object(Illuminate\\Routing\\Route), Object(Illuminate\\Http\\Request))
#40 /Volumes/Kazi 4T/2020/Mac note/All Folders/BuyerSeller/B&S files/buyerseller-August 25.asia/vendor/laravel/framework/src/Illuminate/Routing/Router.php(625): Illuminate\\Routing\\Router->runRoute(Object(Illuminate\\Http\\Request), Object(Illuminate\\Routing\\Route))
#41 /Volumes/Kazi 4T/2020/Mac note/All Folders/BuyerSeller/B&S files/buyerseller-August 25.asia/vendor/laravel/framework/src/Illuminate/Routing/Router.php(614): Illuminate\\Routing\\Router->dispatchToRoute(Object(Illuminate\\Http\\Request))
#42 /Volumes/Kazi 4T/2020/Mac note/All Folders/BuyerSeller/B&S files/buyerseller-August 25.asia/vendor/laravel/framework/src/Illuminate/Foundation/Http/Kernel.php(176): Illuminate\\Routing\\Router->dispatch(Object(Illuminate\\Http\\Request))
#43 /Volumes/Kazi 4T/2020/Mac note/All Folders/BuyerSeller/B&S files/buyerseller-August 25.asia/vendor/laravel/framework/src/Illuminate/Routing/Pipeline.php(30): Illuminate\\Foundation\\Http\\Kernel->Illuminate\\Foundation\\Http\\{closure}(Object(Illuminate\\Http\\Request))
#44 /Volumes/Kazi 4T/2020/Mac note/All Folders/BuyerSeller/B&S files/buyerseller-August 25.asia/vendor/barryvdh/laravel-debugbar/src/Middleware/InjectDebugbar.php(65): Illuminate\\Routing\\Pipeline->Illuminate\\Routing\\{closure}(Object(Illuminate\\Http\\Request))
#45 /Volumes/Kazi 4T/2020/Mac note/All Folders/BuyerSeller/B&S files/buyerseller-August 25.asia/vendor/laravel/framework/src/Illuminate/Pipeline/Pipeline.php(163): Barryvdh\\Debugbar\\Middleware\\InjectDebugbar->handle(Object(Illuminate\\Http\\Request), Object(Closure))
#46 /Volumes/Kazi 4T/2020/Mac note/All Folders/BuyerSeller/B&S files/buyerseller-August 25.asia/vendor/laravel/framework/src/Illuminate/Routing/Pipeline.php(53): Illuminate\\Pipeline\\Pipeline->Illuminate\\Pipeline\\{closure}(Object(Illuminate\\Http\\Request))
#47 /Volumes/Kazi 4T/2020/Mac note/All Folders/BuyerSeller/B&S files/buyerseller-August 25.asia/vendor/fideloper/proxy/src/TrustProxies.php(57): Illuminate\\Routing\\Pipeline->Illuminate\\Routing\\{closure}(Object(Illuminate\\Http\\Request))
#48 /Volumes/Kazi 4T/2020/Mac note/All Folders/BuyerSeller/B&S files/buyerseller-August 25.asia/vendor/laravel/framework/src/Illuminate/Pipeline/Pipeline.php(163): Fideloper\\Proxy\\TrustProxies->handle(Object(Illuminate\\Http\\Request), Object(Closure))
#49 /Volumes/Kazi 4T/2020/Mac note/All Folders/BuyerSeller/B&S files/buyerseller-August 25.asia/vendor/laravel/framework/src/Illuminate/Routing/Pipeline.php(53): Illuminate\\Pipeline\\Pipeline->Illuminate\\Pipeline\\{closure}(Object(Illuminate\\Http\\Request))
#50 /Volumes/Kazi 4T/2020/Mac note/All Folders/BuyerSeller/B&S files/buyerseller-August 25.asia/vendor/laravel/framework/src/Illuminate/Foundation/Http/Middleware/TransformsRequest.php(31): Illuminate\\Routing\\Pipeline->Illuminate\\Routing\\{closure}(Object(Illuminate\\Http\\Request))
#51 /Volumes/Kazi 4T/2020/Mac note/All Folders/BuyerSeller/B&S files/buyerseller-August 25.asia/vendor/laravel/framework/src/Illuminate/Pipeline/Pipeline.php(163): Illuminate\\Foundation\\Http\\Middleware\\TransformsRequest->handle(Object(Illuminate\\Http\\Request), Object(Closure))
#52 /Volumes/Kazi 4T/2020/Mac note/All Folders/BuyerSeller/B&S files/buyerseller-August 25.asia/vendor/laravel/framework/src/Illuminate/Routing/Pipeline.php(53): Illuminate\\Pipeline\\Pipeline->Illuminate\\Pipeline\\{closure}(Object(Illuminate\\Http\\Request))
#53 /Volumes/Kazi 4T/2020/Mac note/All Folders/BuyerSeller/B&S files/buyerseller-August 25.asia/vendor/laravel/framework/src/Illuminate/Foundation/Http/Middleware/TransformsRequest.php(31): Illuminate\\Routing\\Pipeline->Illuminate\\Routing\\{closure}(Object(Illuminate\\Http\\Request))
#54 /Volumes/Kazi 4T/2020/Mac note/All Folders/BuyerSeller/B&S files/buyerseller-August 25.asia/vendor/laravel/framework/src/Illuminate/Pipeline/Pipeline.php(163): Illuminate\\Foundation\\Http\\Middleware\\TransformsRequest->handle(Object(Illuminate\\Http\\Request), Object(Closure))
#55 /Volumes/Kazi 4T/2020/Mac note/All Folders/BuyerSeller/B&S files/buyerseller-August 25.asia/vendor/laravel/framework/src/Illuminate/Routing/Pipeline.php(53): Illuminate\\Pipeline\\Pipeline->Illuminate\\Pipeline\\{closure}(Object(Illuminate\\Http\\Request))
#56 /Volumes/Kazi 4T/2020/Mac note/All Folders/BuyerSeller/B&S files/buyerseller-August 25.asia/vendor/laravel/framework/src/Illuminate/Foundation/Http/Middleware/ValidatePostSize.php(27): Illuminate\\Routing\\Pipeline->Illuminate\\Routing\\{closure}(Object(Illuminate\\Http\\Request))
#57 /Volumes/Kazi 4T/2020/Mac note/All Folders/BuyerSeller/B&S files/buyerseller-August 25.asia/vendor/laravel/framework/src/Illuminate/Pipeline/Pipeline.php(163): Illuminate\\Foundation\\Http\\Middleware\\ValidatePostSize->handle(Object(Illuminate\\Http\\Request), Object(Closure))
#58 /Volumes/Kazi 4T/2020/Mac note/All Folders/BuyerSeller/B&S files/buyerseller-August 25.asia/vendor/laravel/framework/src/Illuminate/Routing/Pipeline.php(53): Illuminate\\Pipeline\\Pipeline->Illuminate\\Pipeline\\{closure}(Object(Illuminate\\Http\\Request))
#59 /Volumes/Kazi 4T/2020/Mac note/All Folders/BuyerSeller/B&S files/buyerseller-August 25.asia/vendor/laravel/framework/src/Illuminate/Foundation/Http/Middleware/CheckForMaintenanceMode.php(62): Illuminate\\Routing\\Pipeline->Illuminate\\Routing\\{closure}(Object(Illuminate\\Http\\Request))
#60 /Volumes/Kazi 4T/2020/Mac note/All Folders/BuyerSeller/B&S files/buyerseller-August 25.asia/vendor/laravel/framework/src/Illuminate/Pipeline/Pipeline.php(163): Illuminate\\Foundation\\Http\\Middleware\\CheckForMaintenanceMode->handle(Object(Illuminate\\Http\\Request), Object(Closure))
#61 /Volumes/Kazi 4T/2020/Mac note/All Folders/BuyerSeller/B&S files/buyerseller-August 25.asia/vendor/laravel/framework/src/Illuminate/Routing/Pipeline.php(53): Illuminate\\Pipeline\\Pipeline->Illuminate\\Pipeline\\{closure}(Object(Illuminate\\Http\\Request))
#62 /Volumes/Kazi 4T/2020/Mac note/All Folders/BuyerSeller/B&S files/buyerseller-August 25.asia/vendor/laravel/framework/src/Illuminate/Pipeline/Pipeline.php(104): Illuminate\\Routing\\Pipeline->Illuminate\\Routing\\{closure}(Object(Illuminate\\Http\\Request))
#63 /Volumes/Kazi 4T/2020/Mac note/All Folders/BuyerSeller/B&S files/buyerseller-August 25.asia/vendor/laravel/framework/src/Illuminate/Foundation/Http/Kernel.php(151): Illuminate\\Pipeline\\Pipeline->then(Object(Closure))
#64 /Volumes/Kazi 4T/2020/Mac note/All Folders/BuyerSeller/B&S files/buyerseller-August 25.asia/vendor/laravel/framework/src/Illuminate/Foundation/Http/Kernel.php(116): Illuminate\\Foundation\\Http\\Kernel->sendRequestThroughRouter(Object(Illuminate\\Http\\Request))
#65 /Volumes/Kazi 4T/2020/Mac note/All Folders/BuyerSeller/B&S files/buyerseller-August 25.asia/public/index.php(55): Illuminate\\Foundation\\Http\\Kernel->handle(Object(Illuminate\\Http\\Request))
#66 /Volumes/Kazi 4T/2020/Mac note/All Folders/BuyerSeller/B&S files/buyerseller-August 25.asia/server.php(21): require_once('/Volumes/Kazi 4...')
#67 {main}
"} 
[2020-11-17 02:57:15] local.ERROR: file_put_contents(C:\xampp\htdocs\buyerseller.asia\storage\framework/sessions/sjHAtOsp5STdTKZoZVqH7hXa4JuV6wcFWQhRaZuW): failed to open stream: No such file or directory {"exception":"[object] (ErrorException(code: 0): file_put_contents(C:\\xampp\\htdocs\\buyerseller.asia\\storage\\framework/sessions/sjHAtOsp5STdTKZoZVqH7hXa4JuV6wcFWQhRaZuW): failed to open stream: No such file or directory at /Volumes/Kazi 4T/2020/Mac note/All Folders/BuyerSeller/B&S files/buyerseller-August 25.asia/vendor/laravel/framework/src/Illuminate/Filesystem/Filesystem.php:122)
[stacktrace]
#0 [internal function]: Illuminate\\Foundation\\Bootstrap\\HandleExceptions->handleError(2, 'file_put_conten...', '/Volumes/Kazi 4...', 122, Array)
#1 /Volumes/Kazi 4T/2020/Mac note/All Folders/BuyerSeller/B&S files/buyerseller-August 25.asia/vendor/laravel/framework/src/Illuminate/Filesystem/Filesystem.php(122): file_put_contents('C:\\\\xampp\\\\htdocs...', 'a:4:{s:6:\"_toke...', 2)
#2 /Volumes/Kazi 4T/2020/Mac note/All Folders/BuyerSeller/B&S files/buyerseller-August 25.asia/vendor/laravel/framework/src/Illuminate/Session/FileSessionHandler.php(83): Illuminate\\Filesystem\\Filesystem->put('C:\\\\xampp\\\\htdocs...', 'a:4:{s:6:\"_toke...', true)
#3 /Volumes/Kazi 4T/2020/Mac note/All Folders/BuyerSeller/B&S files/buyerseller-August 25.asia/vendor/laravel/framework/src/Illuminate/Session/Store.php(129): Illuminate\\Session\\FileSessionHandler->write('sjHAtOsp5STdTKZ...', 'a:4:{s:6:\"_toke...')
#4 /Volumes/Kazi 4T/2020/Mac note/All Folders/BuyerSeller/B&S files/buyerseller-August 25.asia/vendor/laravel/framework/src/Illuminate/Session/Middleware/StartSession.php(87): Illuminate\\Session\\Store->save()
#5 /Volumes/Kazi 4T/2020/Mac note/All Folders/BuyerSeller/B&S files/buyerseller-August 25.asia/vendor/laravel/framework/src/Illuminate/Foundation/Http/Kernel.php(218): Illuminate\\Session\\Middleware\\StartSession->terminate(Object(Illuminate\\Http\\Request), Object(Illuminate\\Http\\Response))
#6 /Volumes/Kazi 4T/2020/Mac note/All Folders/BuyerSeller/B&S files/buyerseller-August 25.asia/vendor/laravel/framework/src/Illuminate/Foundation/Http/Kernel.php(189): Illuminate\\Foundation\\Http\\Kernel->terminateMiddleware(Object(Illuminate\\Http\\Request), Object(Illuminate\\Http\\Response))
#7 /Volumes/Kazi 4T/2020/Mac note/All Folders/BuyerSeller/B&S files/buyerseller-August 25.asia/public/index.php(60): Illuminate\\Foundation\\Http\\Kernel->terminate(Object(Illuminate\\Http\\Request), Object(Illuminate\\Http\\Response))
#8 /Volumes/Kazi 4T/2020/Mac note/All Folders/BuyerSeller/B&S files/buyerseller-August 25.asia/server.php(21): require_once('/Volumes/Kazi 4...')
#9 {main}
"} 
[2020-11-17 03:04:13] local.ERROR: SQLSTATE[HY000] [2002] No such file or directory (SQL: select * from `bdtdc_supllier_inqueries` where `is_RFQ` = 1 and `active` = 1 order by `id` desc limit 15) {"exception":"[object] (Illuminate\\Database\\QueryException(code: 2002): SQLSTATE[HY000] [2002] No such file or directory (SQL: select * from `bdtdc_supllier_inqueries` where `is_RFQ` = 1 and `active` = 1 order by `id` desc limit 15) at /Volumes/Kazi 4T/2020/Mac note/All Folders/BuyerSeller/B&S files/buyerseller-August 25.asia/vendor/laravel/framework/src/Illuminate/Database/Connection.php:664, PDOException(code: 2002): SQLSTATE[HY000] [2002] No such file or directory at /Volumes/Kazi 4T/2020/Mac note/All Folders/BuyerSeller/B&S files/buyerseller-August 25.asia/vendor/laravel/framework/src/Illuminate/Database/Connectors/Connector.php:70)
[stacktrace]
#0 /Volumes/Kazi 4T/2020/Mac note/All Folders/BuyerSeller/B&S files/buyerseller-August 25.asia/vendor/laravel/framework/src/Illuminate/Database/Connection.php(624): Illuminate\\Database\\Connection->runQueryCallback('select * from `...', Array, Object(Closure))
#1 /Volumes/Kazi 4T/2020/Mac note/All Folders/BuyerSeller/B&S files/buyerseller-August 25.asia/vendor/laravel/framework/src/Illuminate/Database/Connection.php(333): Illuminate\\Database\\Connection->run('select * from `...', Array, Object(Closure))
#2 /Volumes/Kazi 4T/2020/Mac note/All Folders/BuyerSeller/B&S files/buyerseller-August 25.asia/vendor/laravel/framework/src/Illuminate/Database/Query/Builder.php(2095): Illuminate\\Database\\Connection->select('select * from `...', Array, true)
#3 /Volumes/Kazi 4T/2020/Mac note/All Folders/BuyerSeller/B&S files/buyerseller-August 25.asia/vendor/laravel/framework/src/Illuminate/Database/Query/Builder.php(2083): Illuminate\\Database\\Query\\Builder->runSelect()
#4 /Volumes/Kazi 4T/2020/Mac note/All Folders/BuyerSeller/B&S files/buyerseller-August 25.asia/vendor/laravel/framework/src/Illuminate/Database/Query/Builder.php(2569): Illuminate\\Database\\Query\\Builder->Illuminate\\Database\\Query\\{closure}()
#5 /Volumes/Kazi 4T/2020/Mac note/All Folders/BuyerSeller/B&S files/buyerseller-August 25.asia/vendor/laravel/framework/src/Illuminate/Database/Query/Builder.php(2084): Illuminate\\Database\\Query\\Builder->onceWithColumns(Array, Object(Closure))
#6 /Volumes/Kazi 4T/2020/Mac note/All Folders/BuyerSeller/B&S files/buyerseller-August 25.asia/vendor/laravel/framework/src/Illuminate/Database/Eloquent/Builder.php(519): Illuminate\\Database\\Query\\Builder->get(Array)
#7 /Volumes/Kazi 4T/2020/Mac note/All Folders/BuyerSeller/B&S files/buyerseller-August 25.asia/vendor/laravel/framework/src/Illuminate/Database/Eloquent/Builder.php(503): Illuminate\\Database\\Eloquent\\Builder->getModels(Array)
#8 /Volumes/Kazi 4T/2020/Mac note/All Folders/BuyerSeller/B&S files/buyerseller-August 25.asia/app/Http/Controllers/Front/HomeController.php(51): Illuminate\\Database\\Eloquent\\Builder->get()
#9 [internal function]: App\\Http\\Controllers\\Front\\HomeController->getHome()
#10 /Volumes/Kazi 4T/2020/Mac note/All Folders/BuyerSeller/B&S files/buyerseller-August 25.asia/vendor/laravel/framework/src/Illuminate/Routing/Controller.php(54): call_user_func_array(Array, Array)
#11 /Volumes/Kazi 4T/2020/Mac note/All Folders/BuyerSeller/B&S files/buyerseller-August 25.asia/vendor/laravel/framework/src/Illuminate/Routing/ControllerDispatcher.php(45): Illuminate\\Routing\\Controller->callAction('getHome', Array)
#12 /Volumes/Kazi 4T/2020/Mac note/All Folders/BuyerSeller/B&S files/buyerseller-August 25.asia/vendor/laravel/framework/src/Illuminate/Routing/Route.php(219): Illuminate\\Routing\\ControllerDispatcher->dispatch(Object(Illuminate\\Routing\\Route), Object(App\\Http\\Controllers\\Front\\HomeController), 'getHome')
#13 /Volumes/Kazi 4T/2020/Mac note/All Folders/BuyerSeller/B&S files/buyerseller-August 25.asia/vendor/laravel/framework/src/Illuminate/Routing/Route.php(176): Illuminate\\Routing\\Route->runController()
#14 /Volumes/Kazi 4T/2020/Mac note/All Folders/BuyerSeller/B&S files/buyerseller-August 25.asia/vendor/laravel/framework/src/Illuminate/Routing/Router.php(682): Illuminate\\Routing\\Route->run()
#15 /Volumes/Kazi 4T/2020/Mac note/All Folders/BuyerSeller/B&S files/buyerseller-August 25.asia/vendor/laravel/framework/src/Illuminate/Routing/Pipeline.php(30): Illuminate\\Routing\\Router->Illuminate\\Routing\\{closure}(Object(Illuminate\\Http\\Request))
#16 /Volumes/Kazi 4T/2020/Mac note/All Folders/BuyerSeller/B&S files/buyerseller-August 25.asia/vendor/laravel/framework/src/Illuminate/Routing/Middleware/SubstituteBindings.php(41): Illuminate\\Routing\\Pipeline->Illuminate\\Routing\\{closure}(Object(Illuminate\\Http\\Request))
#17 /Volumes/Kazi 4T/2020/Mac note/All Folders/BuyerSeller/B&S files/buyerseller-August 25.asia/vendor/laravel/framework/src/Illuminate/Pipeline/Pipeline.php(163): Illuminate\\Routing\\Middleware\\SubstituteBindings->handle(Object(Illuminate\\Http\\Request), Object(Closure))
#18 /Volumes/Kazi 4T/2020/Mac note/All Folders/BuyerSeller/B&S files/buyerseller-August 25.asia/vendor/laravel/framework/src/Illuminate/Routing/Pipeline.php(53): Illuminate\\Pipeline\\Pipeline->Illuminate\\Pipeline\\{closure}(Object(Illuminate\\Http\\Request))
#19 /Volumes/Kazi 4T/2020/Mac note/All Folders/BuyerSeller/B&S files/buyerseller-August 25.asia/vendor/laravel/framework/src/Illuminate/Foundation/Http/Middleware/VerifyCsrfToken.php(75): Illuminate\\Routing\\Pipeline->Illuminate\\Routing\\{closure}(Object(Illuminate\\Http\\Request))
#20 /Volumes/Kazi 4T/2020/Mac note/All Folders/BuyerSeller/B&S files/buyerseller-August 25.asia/vendor/laravel/framework/src/Illuminate/Pipeline/Pipeline.php(163): Illuminate\\Foundation\\Http\\Middleware\\VerifyCsrfToken->handle(Object(Illuminate\\Http\\Request), Object(Closure))
#21 /Volumes/Kazi 4T/2020/Mac note/All Folders/BuyerSeller/B&S files/buyerseller-August 25.asia/vendor/laravel/framework/src/Illuminate/Routing/Pipeline.php(53): Illuminate\\Pipeline\\Pipeline->Illuminate\\Pipeline\\{closure}(Object(Illuminate\\Http\\Request))
#22 /Volumes/Kazi 4T/2020/Mac note/All Folders/BuyerSeller/B&S files/buyerseller-August 25.asia/vendor/laravel/framework/src/Illuminate/Session/Middleware/AuthenticateSession.php(39): Illuminate\\Routing\\Pipeline->Illuminate\\Routing\\{closure}(Object(Illuminate\\Http\\Request))
#23 /Volumes/Kazi 4T/2020/Mac note/All Folders/BuyerSeller/B&S files/buyerseller-August 25.asia/vendor/laravel/framework/src/Illuminate/Pipeline/Pipeline.php(163): Illuminate\\Session\\Middleware\\AuthenticateSession->handle(Object(Illuminate\\Http\\Request), Object(Closure))
#24 /Volumes/Kazi 4T/2020/Mac note/All Folders/BuyerSeller/B&S files/buyerseller-August 25.asia/vendor/laravel/framework/src/Illuminate/Routing/Pipeline.php(53): Illuminate\\Pipeline\\Pipeline->Illuminate\\Pipeline\\{closure}(Object(Illuminate\\Http\\Request))
#25 /Volumes/Kazi 4T/2020/Mac note/All Folders/BuyerSeller/B&S files/buyerseller-August 25.asia/vendor/laravel/framework/src/Illuminate/View/Middleware/ShareErrorsFromSession.php(49): Illuminate\\Routing\\Pipeline->Illuminate\\Routing\\{closure}(Object(Illuminate\\Http\\Request))
#26 /Volumes/Kazi 4T/2020/Mac note/All Folders/BuyerSeller/B&S files/buyerseller-August 25.asia/vendor/laravel/framework/src/Illuminate/Pipeline/Pipeline.php(163): Illuminate\\View\\Middleware\\ShareErrorsFromSession->handle(Object(Illuminate\\Http\\Request), Object(Closure))
#27 /Volumes/Kazi 4T/2020/Mac note/All Folders/BuyerSeller/B&S files/buyerseller-August 25.asia/vendor/laravel/framework/src/Illuminate/Routing/Pipeline.php(53): Illuminate\\Pipeline\\Pipeline->Illuminate\\Pipeline\\{closure}(Object(Illuminate\\Http\\Request))
#28 /Volumes/Kazi 4T/2020/Mac note/All Folders/BuyerSeller/B&S files/buyerseller-August 25.asia/vendor/laravel/framework/src/Illuminate/Session/Middleware/StartSession.php(63): Illuminate\\Routing\\Pipeline->Illuminate\\Routing\\{closure}(Object(Illuminate\\Http\\Request))
#29 /Volumes/Kazi 4T/2020/Mac note/All Folders/BuyerSeller/B&S files/buyerseller-August 25.asia/vendor/laravel/framework/src/Illuminate/Pipeline/Pipeline.php(163): Illuminate\\Session\\Middleware\\StartSession->handle(Object(Illuminate\\Http\\Request), Object(Closure))
#30 /Volumes/Kazi 4T/2020/Mac note/All Folders/BuyerSeller/B&S files/buyerseller-August 25.asia/vendor/laravel/framework/src/Illuminate/Routing/Pipeline.php(53): Illuminate\\Pipeline\\Pipeline->Illuminate\\Pipeline\\{closure}(Object(Illuminate\\Http\\Request))
#31 /Volumes/Kazi 4T/2020/Mac note/All Folders/BuyerSeller/B&S files/buyerseller-August 25.asia/vendor/laravel/framework/src/Illuminate/Cookie/Middleware/AddQueuedCookiesToResponse.php(37): Illuminate\\Routing\\Pipeline->Illuminate\\Routing\\{closure}(Object(Illuminate\\Http\\Request))
#32 /Volumes/Kazi 4T/2020/Mac note/All Folders/BuyerSeller/B&S files/buyerseller-August 25.asia/vendor/laravel/framework/src/Illuminate/Pipeline/Pipeline.php(163): Illuminate\\Cookie\\Middleware\\AddQueuedCookiesToResponse->handle(Object(Illuminate\\Http\\Request), Object(Closure))
#33 /Volumes/Kazi 4T/2020/Mac note/All Folders/BuyerSeller/B&S files/buyerseller-August 25.asia/vendor/laravel/framework/src/Illuminate/Routing/Pipeline.php(53): Illuminate\\Pipeline\\Pipeline->Illuminate\\Pipeline\\{closure}(Object(Illuminate\\Http\\Request))
#34 /Volumes/Kazi 4T/2020/Mac note/All Folders/BuyerSeller/B&S files/buyerseller-August 25.asia/vendor/laravel/framework/src/Illuminate/Cookie/Middleware/EncryptCookies.php(66): Illuminate\\Routing\\Pipeline->Illuminate\\Routing\\{closure}(Object(Illuminate\\Http\\Request))
#35 /Volumes/Kazi 4T/2020/Mac note/All Folders/BuyerSeller/B&S files/buyerseller-August 25.asia/vendor/laravel/framework/src/Illuminate/Pipeline/Pipeline.php(163): Illuminate\\Cookie\\Middleware\\EncryptCookies->handle(Object(Illuminate\\Http\\Request), Object(Closure))
#36 /Volumes/Kazi 4T/2020/Mac note/All Folders/BuyerSeller/B&S files/buyerseller-August 25.asia/vendor/laravel/framework/src/Illuminate/Routing/Pipeline.php(53): Illuminate\\Pipeline\\Pipeline->Illuminate\\Pipeline\\{closure}(Object(Illuminate\\Http\\Request))
#37 /Volumes/Kazi 4T/2020/Mac note/All Folders/BuyerSeller/B&S files/buyerseller-August 25.asia/vendor/laravel/framework/src/Illuminate/Pipeline/Pipeline.php(104): Illuminate\\Routing\\Pipeline->Illuminate\\Routing\\{closure}(Object(Illuminate\\Http\\Request))
#38 /Volumes/Kazi 4T/2020/Mac note/All Folders/BuyerSeller/B&S files/buyerseller-August 25.asia/vendor/laravel/framework/src/Illuminate/Routing/Router.php(684): Illuminate\\Pipeline\\Pipeline->then(Object(Closure))
#39 /Volumes/Kazi 4T/2020/Mac note/All Folders/BuyerSeller/B&S files/buyerseller-August 25.asia/vendor/laravel/framework/src/Illuminate/Routing/Router.php(659): Illuminate\\Routing\\Router->runRouteWithinStack(Object(Illuminate\\Routing\\Route), Object(Illuminate\\Http\\Request))
#40 /Volumes/Kazi 4T/2020/Mac note/All Folders/BuyerSeller/B&S files/buyerseller-August 25.asia/vendor/laravel/framework/src/Illuminate/Routing/Router.php(625): Illuminate\\Routing\\Router->runRoute(Object(Illuminate\\Http\\Request), Object(Illuminate\\Routing\\Route))
#41 /Volumes/Kazi 4T/2020/Mac note/All Folders/BuyerSeller/B&S files/buyerseller-August 25.asia/vendor/laravel/framework/src/Illuminate/Routing/Router.php(614): Illuminate\\Routing\\Router->dispatchToRoute(Object(Illuminate\\Http\\Request))
#42 /Volumes/Kazi 4T/2020/Mac note/All Folders/BuyerSeller/B&S files/buyerseller-August 25.asia/vendor/laravel/framework/src/Illuminate/Foundation/Http/Kernel.php(176): Illuminate\\Routing\\Router->dispatch(Object(Illuminate\\Http\\Request))
#43 /Volumes/Kazi 4T/2020/Mac note/All Folders/BuyerSeller/B&S files/buyerseller-August 25.asia/vendor/laravel/framework/src/Illuminate/Routing/Pipeline.php(30): Illuminate\\Foundation\\Http\\Kernel->Illuminate\\Foundation\\Http\\{closure}(Object(Illuminate\\Http\\Request))
#44 /Volumes/Kazi 4T/2020/Mac note/All Folders/BuyerSeller/B&S files/buyerseller-August 25.asia/vendor/barryvdh/laravel-debugbar/src/Middleware/InjectDebugbar.php(65): Illuminate\\Routing\\Pipeline->Illuminate\\Routing\\{closure}(Object(Illuminate\\Http\\Request))
#45 /Volumes/Kazi 4T/2020/Mac note/All Folders/BuyerSeller/B&S files/buyerseller-August 25.asia/vendor/laravel/framework/src/Illuminate/Pipeline/Pipeline.php(163): Barryvdh\\Debugbar\\Middleware\\InjectDebugbar->handle(Object(Illuminate\\Http\\Request), Object(Closure))
#46 /Volumes/Kazi 4T/2020/Mac note/All Folders/BuyerSeller/B&S files/buyerseller-August 25.asia/vendor/laravel/framework/src/Illuminate/Routing/Pipeline.php(53): Illuminate\\Pipeline\\Pipeline->Illuminate\\Pipeline\\{closure}(Object(Illuminate\\Http\\Request))
#47 /Volumes/Kazi 4T/2020/Mac note/All Folders/BuyerSeller/B&S files/buyerseller-August 25.asia/vendor/fideloper/proxy/src/TrustProxies.php(57): Illuminate\\Routing\\Pipeline->Illuminate\\Routing\\{closure}(Object(Illuminate\\Http\\Request))
#48 /Volumes/Kazi 4T/2020/Mac note/All Folders/BuyerSeller/B&S files/buyerseller-August 25.asia/vendor/laravel/framework/src/Illuminate/Pipeline/Pipeline.php(163): Fideloper\\Proxy\\TrustProxies->handle(Object(Illuminate\\Http\\Request), Object(Closure))
#49 /Volumes/Kazi 4T/2020/Mac note/All Folders/BuyerSeller/B&S files/buyerseller-August 25.asia/vendor/laravel/framework/src/Illuminate/Routing/Pipeline.php(53): Illuminate\\Pipeline\\Pipeline->Illuminate\\Pipeline\\{closure}(Object(Illuminate\\Http\\Request))
#50 /Volumes/Kazi 4T/2020/Mac note/All Folders/BuyerSeller/B&S files/buyerseller-August 25.asia/vendor/laravel/framework/src/Illuminate/Foundation/Http/Middleware/TransformsRequest.php(31): Illuminate\\Routing\\Pipeline->Illuminate\\Routing\\{closure}(Object(Illuminate\\Http\\Request))
#51 /Volumes/Kazi 4T/2020/Mac note/All Folders/BuyerSeller/B&S files/buyerseller-August 25.asia/vendor/laravel/framework/src/Illuminate/Pipeline/Pipeline.php(163): Illuminate\\Foundation\\Http\\Middleware\\TransformsRequest->handle(Object(Illuminate\\Http\\Request), Object(Closure))
#52 /Volumes/Kazi 4T/2020/Mac note/All Folders/BuyerSeller/B&S files/buyerseller-August 25.asia/vendor/laravel/framework/src/Illuminate/Routing/Pipeline.php(53): Illuminate\\Pipeline\\Pipeline->Illuminate\\Pipeline\\{closure}(Object(Illuminate\\Http\\Request))
#53 /Volumes/Kazi 4T/2020/Mac note/All Folders/BuyerSeller/B&S files/buyerseller-August 25.asia/vendor/laravel/framework/src/Illuminate/Foundation/Http/Middleware/TransformsRequest.php(31): Illuminate\\Routing\\Pipeline->Illuminate\\Routing\\{closure}(Object(Illuminate\\Http\\Request))
#54 /Volumes/Kazi 4T/2020/Mac note/All Folders/BuyerSeller/B&S files/buyerseller-August 25.asia/vendor/laravel/framework/src/Illuminate/Pipeline/Pipeline.php(163): Illuminate\\Foundation\\Http\\Middleware\\TransformsRequest->handle(Object(Illuminate\\Http\\Request), Object(Closure))
#55 /Volumes/Kazi 4T/2020/Mac note/All Folders/BuyerSeller/B&S files/buyerseller-August 25.asia/vendor/laravel/framework/src/Illuminate/Routing/Pipeline.php(53): Illuminate\\Pipeline\\Pipeline->Illuminate\\Pipeline\\{closure}(Object(Illuminate\\Http\\Request))
#56 /Volumes/Kazi 4T/2020/Mac note/All Folders/BuyerSeller/B&S files/buyerseller-August 25.asia/vendor/laravel/framework/src/Illuminate/Foundation/Http/Middleware/ValidatePostSize.php(27): Illuminate\\Routing\\Pipeline->Illuminate\\Routing\\{closure}(Object(Illuminate\\Http\\Request))
#57 /Volumes/Kazi 4T/2020/Mac note/All Folders/BuyerSeller/B&S files/buyerseller-August 25.asia/vendor/laravel/framework/src/Illuminate/Pipeline/Pipeline.php(163): Illuminate\\Foundation\\Http\\Middleware\\ValidatePostSize->handle(Object(Illuminate\\Http\\Request), Object(Closure))
#58 /Volumes/Kazi 4T/2020/Mac note/All Folders/BuyerSeller/B&S files/buyerseller-August 25.asia/vendor/laravel/framework/src/Illuminate/Routing/Pipeline.php(53): Illuminate\\Pipeline\\Pipeline->Illuminate\\Pipeline\\{closure}(Object(Illuminate\\Http\\Request))
#59 /Volumes/Kazi 4T/2020/Mac note/All Folders/BuyerSeller/B&S files/buyerseller-August 25.asia/vendor/laravel/framework/src/Illuminate/Foundation/Http/Middleware/CheckForMaintenanceMode.php(62): Illuminate\\Routing\\Pipeline->Illuminate\\Routing\\{closure}(Object(Illuminate\\Http\\Request))
#60 /Volumes/Kazi 4T/2020/Mac note/All Folders/BuyerSeller/B&S files/buyerseller-August 25.asia/vendor/laravel/framework/src/Illuminate/Pipeline/Pipeline.php(163): Illuminate\\Foundation\\Http\\Middleware\\CheckForMaintenanceMode->handle(Object(Illuminate\\Http\\Request), Object(Closure))
#61 /Volumes/Kazi 4T/2020/Mac note/All Folders/BuyerSeller/B&S files/buyerseller-August 25.asia/vendor/laravel/framework/src/Illuminate/Routing/Pipeline.php(53): Illuminate\\Pipeline\\Pipeline->Illuminate\\Pipeline\\{closure}(Object(Illuminate\\Http\\Request))
#62 /Volumes/Kazi 4T/2020/Mac note/All Folders/BuyerSeller/B&S files/buyerseller-August 25.asia/vendor/laravel/framework/src/Illuminate/Pipeline/Pipeline.php(104): Illuminate\\Routing\\Pipeline->Illuminate\\Routing\\{closure}(Object(Illuminate\\Http\\Request))
#63 /Volumes/Kazi 4T/2020/Mac note/All Folders/BuyerSeller/B&S files/buyerseller-August 25.asia/vendor/laravel/framework/src/Illuminate/Foundation/Http/Kernel.php(151): Illuminate\\Pipeline\\Pipeline->then(Object(Closure))
#64 /Volumes/Kazi 4T/2020/Mac note/All Folders/BuyerSeller/B&S files/buyerseller-August 25.asia/vendor/laravel/framework/src/Illuminate/Foundation/Http/Kernel.php(116): Illuminate\\Foundation\\Http\\Kernel->sendRequestThroughRouter(Object(Illuminate\\Http\\Request))
#65 /Volumes/Kazi 4T/2020/Mac note/All Folders/BuyerSeller/B&S files/buyerseller-August 25.asia/public/index.php(55): Illuminate\\Foundation\\Http\\Kernel->handle(Object(Illuminate\\Http\\Request))
#66 /Volumes/Kazi 4T/2020/Mac note/All Folders/BuyerSeller/B&S files/buyerseller-August 25.asia/server.php(21): require_once('/Volumes/Kazi 4...')
#67 {main}
"} 
[2020-11-17 03:04:13] local.ERROR: file_put_contents(C:\xampp\htdocs\buyerseller.asia\storage\framework/sessions/sjHAtOsp5STdTKZoZVqH7hXa4JuV6wcFWQhRaZuW): failed to open stream: No such file or directory {"exception":"[object] (ErrorException(code: 0): file_put_contents(C:\\xampp\\htdocs\\buyerseller.asia\\storage\\framework/sessions/sjHAtOsp5STdTKZoZVqH7hXa4JuV6wcFWQhRaZuW): failed to open stream: No such file or directory at /Volumes/Kazi 4T/2020/Mac note/All Folders/BuyerSeller/B&S files/buyerseller-August 25.asia/vendor/laravel/framework/src/Illuminate/Filesystem/Filesystem.php:122)
[stacktrace]
#0 [internal function]: Illuminate\\Foundation\\Bootstrap\\HandleExceptions->handleError(2, 'file_put_conten...', '/Volumes/Kazi 4...', 122, Array)
#1 /Volumes/Kazi 4T/2020/Mac note/All Folders/BuyerSeller/B&S files/buyerseller-August 25.asia/vendor/laravel/framework/src/Illuminate/Filesystem/Filesystem.php(122): file_put_contents('C:\\\\xampp\\\\htdocs...', 'a:4:{s:6:\"_toke...', 2)
#2 /Volumes/Kazi 4T/2020/Mac note/All Folders/BuyerSeller/B&S files/buyerseller-August 25.asia/vendor/laravel/framework/src/Illuminate/Session/FileSessionHandler.php(83): Illuminate\\Filesystem\\Filesystem->put('C:\\\\xampp\\\\htdocs...', 'a:4:{s:6:\"_toke...', true)
#3 /Volumes/Kazi 4T/2020/Mac note/All Folders/BuyerSeller/B&S files/buyerseller-August 25.asia/vendor/laravel/framework/src/Illuminate/Session/Store.php(129): Illuminate\\Session\\FileSessionHandler->write('sjHAtOsp5STdTKZ...', 'a:4:{s:6:\"_toke...')
#4 /Volumes/Kazi 4T/2020/Mac note/All Folders/BuyerSeller/B&S files/buyerseller-August 25.asia/vendor/laravel/framework/src/Illuminate/Session/Middleware/StartSession.php(87): Illuminate\\Session\\Store->save()
#5 /Volumes/Kazi 4T/2020/Mac note/All Folders/BuyerSeller/B&S files/buyerseller-August 25.asia/vendor/laravel/framework/src/Illuminate/Foundation/Http/Kernel.php(218): Illuminate\\Session\\Middleware\\StartSession->terminate(Object(Illuminate\\Http\\Request), Object(Illuminate\\Http\\Response))
#6 /Volumes/Kazi 4T/2020/Mac note/All Folders/BuyerSeller/B&S files/buyerseller-August 25.asia/vendor/laravel/framework/src/Illuminate/Foundation/Http/Kernel.php(189): Illuminate\\Foundation\\Http\\Kernel->terminateMiddleware(Object(Illuminate\\Http\\Request), Object(Illuminate\\Http\\Response))
#7 /Volumes/Kazi 4T/2020/Mac note/All Folders/BuyerSeller/B&S files/buyerseller-August 25.asia/public/index.php(60): Illuminate\\Foundation\\Http\\Kernel->terminate(Object(Illuminate\\Http\\Request), Object(Illuminate\\Http\\Response))
#8 /Volumes/Kazi 4T/2020/Mac note/All Folders/BuyerSeller/B&S files/buyerseller-August 25.asia/server.php(21): require_once('/Volumes/Kazi 4...')
#9 {main}
"} 
