[2020-11-17 02:58:37] local.ERROR: SQLSTATE[HY000] [2002] No such file or directory (SQL: select * from information_schema.tables where table_schema = buyersel_db_live and table_name = migrations) {"exception":"[object] (Illuminate\\Database\\QueryException(code: 2002): SQLSTATE[HY000] [2002] No such file or directory (SQL: select * from information_schema.tables where table_schema = buyersel_db_live and table_name = migrations) at /Volumes/Kazi 4T/2020/Mac note/All Folders/BuyerSeller/B&S files/buyerseller-August 25.asia/vendor/laravel/framework/src/Illuminate/Database/Connection.php:664, PDOException(code: 2002): SQLSTATE[HY000] [2002] No such file or directory at /Volumes/Kazi 4T/2020/Mac note/All Folders/BuyerSeller/B&S files/buyerseller-August 25.asia/vendor/laravel/framework/src/Illuminate/Database/Connectors/Connector.php:70)
[stacktrace]
#0 /Volumes/Kazi 4T/2020/Mac note/All Folders/BuyerSeller/B&S files/buyerseller-August 25.asia/vendor/laravel/framework/src/Illuminate/Database/Connection.php(624): Illuminate\\Database\\Connection->runQueryCallback('select * from i...', Array, Object(Closure))
#1 /Volumes/Kazi 4T/2020/Mac note/All Folders/BuyerSeller/B&S files/buyerseller-August 25.asia/vendor/laravel/framework/src/Illuminate/Database/Connection.php(333): Illuminate\\Database\\Connection->run('select * from i...', Array, Object(Closure))
#2 /Volumes/Kazi 4T/2020/Mac note/All Folders/BuyerSeller/B&S files/buyerseller-August 25.asia/vendor/laravel/framework/src/Illuminate/Database/Schema/MySqlBuilder.php(18): Illuminate\\Database\\Connection->select('select * from i...', Array)
#3 /Volumes/Kazi 4T/2020/Mac note/All Folders/BuyerSeller/B&S files/buyerseller-August 25.asia/vendor/laravel/framework/src/Illuminate/Database/Migrations/DatabaseMigrationRepository.php(169): Illuminate\\Database\\Schema\\MySqlBuilder->hasTable('migrations')
#4 /Volumes/Kazi 4T/2020/Mac note/All Folders/BuyerSeller/B&S files/buyerseller-August 25.asia/vendor/laravel/framework/src/Illuminate/Database/Migrations/Migrator.php(556): Illuminate\\Database\\Migrations\\DatabaseMigrationRepository->repositoryExists()
#5 /Volumes/Kazi 4T/2020/Mac note/All Folders/BuyerSeller/B&S files/buyerseller-August 25.asia/vendor/laravel/framework/src/Illuminate/Database/Console/Migrations/MigrateCommand.php(91): Illuminate\\Database\\Migrations\\Migrator->repositoryExists()
#6 /Volumes/Kazi 4T/2020/Mac note/All Folders/BuyerSeller/B&S files/buyerseller-August 25.asia/vendor/laravel/framework/src/Illuminate/Database/Console/Migrations/MigrateCommand.php(63): Illuminate\\Database\\Console\\Migrations\\MigrateCommand->prepareDatabase()
#7 [internal function]: Illuminate\\Database\\Console\\Migrations\\MigrateCommand->handle()
#8 /Volumes/Kazi 4T/2020/Mac note/All Folders/BuyerSeller/B&S files/buyerseller-August 25.asia/vendor/laravel/framework/src/Illuminate/Container/BoundMethod.php(29): call_user_func_array(Array, Array)
#9 /Volumes/Kazi 4T/2020/Mac note/All Folders/BuyerSeller/B&S files/buyerseller-August 25.asia/vendor/laravel/framework/src/Illuminate/Container/BoundMethod.php(87): Illuminate\\Container\\BoundMethod::Illuminate\\Container\\{closure}()
#10 /Volumes/Kazi 4T/2020/Mac note/All Folders/BuyerSeller/B&S files/buyerseller-August 25.asia/vendor/laravel/framework/src/Illuminate/Container/BoundMethod.php(31): Illuminate\\Container\\BoundMethod::callBoundMethod(Object(Illuminate\\Foundation\\Application), Array, Object(Closure))
#11 /Volumes/Kazi 4T/2020/Mac note/All Folders/BuyerSeller/B&S files/buyerseller-August 25.asia/vendor/laravel/framework/src/Illuminate/Container/Container.php(572): Illuminate\\Container\\BoundMethod::call(Object(Illuminate\\Foundation\\Application), Array, Array, NULL)
#12 /Volumes/Kazi 4T/2020/Mac note/All Folders/BuyerSeller/B&S files/buyerseller-August 25.asia/vendor/laravel/framework/src/Illuminate/Console/Command.php(183): Illuminate\\Container\\Container->call(Array)
#13 /Volumes/Kazi 4T/2020/Mac note/All Folders/BuyerSeller/B&S files/buyerseller-August 25.asia/vendor/symfony/console/Command/Command.php(255): Illuminate\\Console\\Command->execute(Object(Symfony\\Component\\Console\\Input\\ArgvInput), Object(Illuminate\\Console\\OutputStyle))
#14 /Volumes/Kazi 4T/2020/Mac note/All Folders/BuyerSeller/B&S files/buyerseller-August 25.asia/vendor/laravel/framework/src/Illuminate/Console/Command.php(170): Symfony\\Component\\Console\\Command\\Command->run(Object(Symfony\\Component\\Console\\Input\\ArgvInput), Object(Illuminate\\Console\\OutputStyle))
#15 /Volumes/Kazi 4T/2020/Mac note/All Folders/BuyerSeller/B&S files/buyerseller-August 25.asia/vendor/symfony/console/Application.php(908): Illuminate\\Console\\Command->run(Object(Symfony\\Component\\Console\\Input\\ArgvInput), Object(Symfony\\Component\\Console\\Output\\ConsoleOutput))
#16 /Volumes/Kazi 4T/2020/Mac note/All Folders/BuyerSeller/B&S files/buyerseller-August 25.asia/vendor/symfony/console/Application.php(269): Symfony\\Component\\Console\\Application->doRunCommand(Object(Illuminate\\Database\\Console\\Migrations\\MigrateCommand), Object(Symfony\\Component\\Console\\Input\\ArgvInput), Object(Symfony\\Component\\Console\\Output\\ConsoleOutput))
#17 /Volumes/Kazi 4T/2020/Mac note/All Folders/BuyerSeller/B&S files/buyerseller-August 25.asia/vendor/symfony/console/Application.php(145): Symfony\\Component\\Console\\Application->doRun(Object(Symfony\\Component\\Console\\Input\\ArgvInput), Object(Symfony\\Component\\Console\\Output\\ConsoleOutput))
#18 /Volumes/Kazi 4T/2020/Mac note/All Folders/BuyerSeller/B&S files/buyerseller-August 25.asia/vendor/laravel/framework/src/Illuminate/Console/Application.php(89): Symfony\\Component\\Console\\Application->run(Object(Symfony\\Component\\Console\\Input\\ArgvInput), Object(Symfony\\Component\\Console\\Output\\ConsoleOutput))
#19 /Volumes/Kazi 4T/2020/Mac note/All Folders/BuyerSeller/B&S files/buyerseller-August 25.asia/vendor/laravel/framework/src/Illuminate/Foundation/Console/Kernel.php(122): Illuminate\\Console\\Application->run(Object(Symfony\\Component\\Console\\Input\\ArgvInput), Object(Symfony\\Component\\Console\\Output\\ConsoleOutput))
#20 /Volumes/Kazi 4T/2020/Mac note/All Folders/BuyerSeller/B&S files/buyerseller-August 25.asia/artisan(37): Illuminate\\Foundation\\Console\\Kernel->handle(Object(Symfony\\Component\\Console\\Input\\ArgvInput), Object(Symfony\\Component\\Console\\Output\\ConsoleOutput))
#21 {main}
"} 
[2020-11-17 02:58:38] local.ERROR: SQLSTATE[HY000] [2002] No such file or directory (SQL: select count(*) as aggregate from `telescope_entries` where `type` = exception and `family_hash` = 7aee51a0d0b948d0ff3966d58e2938ee) {"exception":"[object] (Illuminate\\Database\\QueryException(code: 2002): SQLSTATE[HY000] [2002] No such file or directory (SQL: select count(*) as aggregate from `telescope_entries` where `type` = exception and `family_hash` = 7aee51a0d0b948d0ff3966d58e2938ee) at /Volumes/Kazi 4T/2020/Mac note/All Folders/BuyerSeller/B&S files/buyerseller-August 25.asia/vendor/laravel/framework/src/Illuminate/Database/Connection.php:664, PDOException(code: 2002): SQLSTATE[HY000] [2002] No such file or directory at /Volumes/Kazi 4T/2020/Mac note/All Folders/BuyerSeller/B&S files/buyerseller-August 25.asia/vendor/laravel/framework/src/Illuminate/Database/Connectors/Connector.php:70)
[stacktrace]
#0 /Volumes/Kazi 4T/2020/Mac note/All Folders/BuyerSeller/B&S files/buyerseller-August 25.asia/vendor/laravel/framework/src/Illuminate/Database/Connection.php(624): Illuminate\\Database\\Connection->runQueryCallback('select count(*)...', Array, Object(Closure))
#1 /Volumes/Kazi 4T/2020/Mac note/All Folders/BuyerSeller/B&S files/buyerseller-August 25.asia/vendor/laravel/framework/src/Illuminate/Database/Connection.php(333): Illuminate\\Database\\Connection->run('select count(*)...', Array, Object(Closure))
#2 /Volumes/Kazi 4T/2020/Mac note/All Folders/BuyerSeller/B&S files/buyerseller-August 25.asia/vendor/laravel/framework/src/Illuminate/Database/Query/Builder.php(2095): Illuminate\\Database\\Connection->select('select count(*)...', Array, true)
#3 /Volumes/Kazi 4T/2020/Mac note/All Folders/BuyerSeller/B&S files/buyerseller-August 25.asia/vendor/laravel/framework/src/Illuminate/Database/Query/Builder.php(2083): Illuminate\\Database\\Query\\Builder->runSelect()
#4 /Volumes/Kazi 4T/2020/Mac note/All Folders/BuyerSeller/B&S files/buyerseller-August 25.asia/vendor/laravel/framework/src/Illuminate/Database/Query/Builder.php(2569): Illuminate\\Database\\Query\\Builder->Illuminate\\Database\\Query\\{closure}()
#5 /Volumes/Kazi 4T/2020/Mac note/All Folders/BuyerSeller/B&S files/buyerseller-August 25.asia/vendor/laravel/framework/src/Illuminate/Database/Query/Builder.php(2084): Illuminate\\Database\\Query\\Builder->onceWithColumns(Array, Object(Closure))
#6 /Volumes/Kazi 4T/2020/Mac note/All Folders/BuyerSeller/B&S files/buyerseller-August 25.asia/vendor/laravel/framework/src/Illuminate/Database/Query/Builder.php(2496): Illuminate\\Database\\Query\\Builder->get(Array)
#7 /Volumes/Kazi 4T/2020/Mac note/All Folders/BuyerSeller/B&S files/buyerseller-August 25.asia/vendor/laravel/framework/src/Illuminate/Database/Query/Builder.php(2424): Illuminate\\Database\\Query\\Builder->aggregate('count', Array)
#8 /Volumes/Kazi 4T/2020/Mac note/All Folders/BuyerSeller/B&S files/buyerseller-August 25.asia/vendor/laravel/telescope/src/Storage/DatabaseEntriesRepository.php(133): Illuminate\\Database\\Query\\Builder->count()
#9 [internal function]: Laravel\\Telescope\\Storage\\DatabaseEntriesRepository->Laravel\\Telescope\\Storage\\{closure}(Object(Laravel\\Telescope\\IncomingExceptionEntry), 0)
#10 /Volumes/Kazi 4T/2020/Mac note/All Folders/BuyerSeller/B&S files/buyerseller-August 25.asia/vendor/laravel/framework/src/Illuminate/Support/Collection.php(1034): array_map(Object(Closure), Array, Array)
#11 /Volumes/Kazi 4T/2020/Mac note/All Folders/BuyerSeller/B&S files/buyerseller-August 25.asia/vendor/laravel/telescope/src/Storage/DatabaseEntriesRepository.php(146): Illuminate\\Support\\Collection->map(Object(Closure))
#12 /Volumes/Kazi 4T/2020/Mac note/All Folders/BuyerSeller/B&S files/buyerseller-August 25.asia/vendor/laravel/telescope/src/Storage/DatabaseEntriesRepository.php(110): Laravel\\Telescope\\Storage\\DatabaseEntriesRepository->storeExceptions(Object(Illuminate\\Support\\Collection))
#13 /Volumes/Kazi 4T/2020/Mac note/All Folders/BuyerSeller/B&S files/buyerseller-August 25.asia/vendor/laravel/telescope/src/Telescope.php(484): Laravel\\Telescope\\Storage\\DatabaseEntriesRepository->store(Object(Illuminate\\Support\\Collection))
#14 /Volumes/Kazi 4T/2020/Mac note/All Folders/BuyerSeller/B&S files/buyerseller-August 25.asia/vendor/laravel/telescope/src/ListensForStorageOpportunities.php(45): Laravel\\Telescope\\Telescope::store(Object(Laravel\\Telescope\\Storage\\DatabaseEntriesRepository))
#15 [internal function]: Laravel\\Telescope\\Telescope::Laravel\\Telescope\\{closure}()
#16 /Volumes/Kazi 4T/2020/Mac note/All Folders/BuyerSeller/B&S files/buyerseller-August 25.asia/vendor/laravel/framework/src/Illuminate/Container/BoundMethod.php(29): call_user_func_array(Object(Closure), Array)
#17 /Volumes/Kazi 4T/2020/Mac note/All Folders/BuyerSeller/B&S files/buyerseller-August 25.asia/vendor/laravel/framework/src/Illuminate/Container/BoundMethod.php(75): Illuminate\\Container\\BoundMethod::Illuminate\\Container\\{closure}()
#18 /Volumes/Kazi 4T/2020/Mac note/All Folders/BuyerSeller/B&S files/buyerseller-August 25.asia/vendor/laravel/framework/src/Illuminate/Container/BoundMethod.php(31): Illuminate\\Container\\BoundMethod::callBoundMethod(Object(Illuminate\\Foundation\\Application), Object(Closure), Object(Closure))
#19 /Volumes/Kazi 4T/2020/Mac note/All Folders/BuyerSeller/B&S files/buyerseller-August 25.asia/vendor/laravel/framework/src/Illuminate/Container/Container.php(572): Illuminate\\Container\\BoundMethod::call(Object(Illuminate\\Foundation\\Application), Object(Closure), Array, NULL)
#20 /Volumes/Kazi 4T/2020/Mac note/All Folders/BuyerSeller/B&S files/buyerseller-August 25.asia/vendor/laravel/framework/src/Illuminate/Foundation/Application.php(991): Illuminate\\Container\\Container->call(Object(Closure))
#21 /Volumes/Kazi 4T/2020/Mac note/All Folders/BuyerSeller/B&S files/buyerseller-August 25.asia/vendor/laravel/framework/src/Illuminate/Foundation/Console/Kernel.php(149): Illuminate\\Foundation\\Application->terminate()
#22 /Volumes/Kazi 4T/2020/Mac note/All Folders/BuyerSeller/B&S files/buyerseller-August 25.asia/artisan(51): Illuminate\\Foundation\\Console\\Kernel->terminate(Object(Symfony\\Component\\Console\\Input\\ArgvInput), 1)
#23 {main}
"} 
